Step: build-step-credential-initializer:

{"level":"warn","ts":1549524941.2155323,"logger":"fallback-logger","caller":"logging/config.go:65","msg":"Fetch GitHub commit ID from kodata failed: \"ref: refs/heads/test\" is not a valid GitHub commit ID"}
{"level":"info","ts":1549524941.2162404,"logger":"fallback-logger","caller":"creds-init/main.go:40","msg":"Credentials initialized."}
Step: build-step-git-source-0:

{"level":"warn","ts":1549524943.1672382,"logger":"fallback-logger","caller":"logging/config.go:65","msg":"Fetch GitHub commit ID from kodata failed: \"ref: refs/heads/test\" is not a valid GitHub commit ID"}
{"level":"info","ts":1549524943.5161076,"logger":"fallback-logger","caller":"git-init/main.go:92","msg":"Successfully cloned \"https://github.com/dennisnewel/givemefood.git\" @ \"master\" in path \"/workspace\""}
Step: build-step-jenkins:

Picked up _JAVA_OPTIONS: -Xmx400m
Started
Running in Durability level: PERFORMANCE_OPTIMIZED
  20.997 [id=24]	WARNING	i.f.k.c.i.VersionUsageUtils#alert: The client is using resource type 'customresourcedefinitions' with unstable version 'v1beta1'
[Pipeline] node
Running on Jenkins in /tmp/jenkinsTests.tmp/jenkins1075482018661516494test/workspace/job
[Pipeline] {
[Pipeline] stage
[Pipeline] { (Declarative: Checkout SCM)
[Pipeline] checkout
[Pipeline] }
[Pipeline] // stage
[Pipeline] withCredentials
[Pipeline] {
[Pipeline] withEnv
[Pipeline] {
[Pipeline] stage
[Pipeline] { (CI Build and push snapshot)
Stage "CI Build and push snapshot" skipped due to when conditional
[Pipeline] }
[Pipeline] // stage
[Pipeline] stage
[Pipeline] { (Build Release)
[Pipeline] git
 > git rev-parse --is-inside-work-tree # timeout=10
Fetching changes from the remote Git repository
 > git config remote.origin.url https://github.com/dennisnewel/givemefood.git # timeout=10
Fetching upstream changes from https://github.com/dennisnewel/givemefood.git
 > git --version # timeout=10
 > git fetch --tags --progress https://github.com/dennisnewel/givemefood.git +refs/heads/*:refs/remotes/origin/*
 > git rev-parse refs/remotes/origin/master^{commit} # timeout=10
 > git rev-parse refs/remotes/origin/origin/master^{commit} # timeout=10
Checking out Revision a7e1d72e6066a3631cec260a9b875d78c8de1174 (refs/remotes/origin/master)
 > git config core.sparsecheckout # timeout=10
 > git checkout -f a7e1d72e6066a3631cec260a9b875d78c8de1174
 > git branch -a -v --no-abbrev # timeout=10
 > git branch -D master # timeout=10
 > git checkout -b master a7e1d72e6066a3631cec260a9b875d78c8de1174
Commit message: "Draft create"
First time build. Skipping changelog.
[Pipeline] sh
+ jx-release-version
+ echo 0.0.1
[Pipeline] sh
+ cat VERSION
+ jx step tag --version 0.0.1
Tag v0.0.1 created and pushed to remote origin
[Pipeline] sh
+ npm install
npm notice created a lockfile as package-lock.json. You should commit this file.
npm WARN REPLACE_ME@1.0.0 No repository field.
npm WARN REPLACE_ME@1.0.0 No license field.

up to date in 0.09s
[Pipeline] sh
+ CI=true DISPLAY=:99 npm test

> REPLACE_ME@1.0.0 test /tmp/jenkinsTests.tmp/jenkins1075482018661516494test/workspace/job
> echo "no test specified" && exit 0

no test specified
[Pipeline] sh
+ cat VERSION
+ export VERSION=0.0.1
+ skaffold build -f skaffold.yaml
time="2019-02-07T07:37:40Z" level=warning msg="config version (skaffold/v1beta2) out of date: upgrading to latest (skaffold/v1beta3)"
Starting build...
Building [changeme]...
Sending build context to Docker daemon  113.2kB
Step 1/6 : FROM node:9-slim
9-slim: Pulling from library/node
5bba3ecb4cd6: Pulling fs layer
196b8e3c919d: Pulling fs layer
7d083412657b: Pulling fs layer
a88538b9cd05: Pulling fs layer
e01bd28a434b: Pulling fs layer
a88538b9cd05: Waiting
e01bd28a434b: Waiting
7d083412657b: Verifying Checksum
7d083412657b: Download complete
196b8e3c919d: Verifying Checksum
196b8e3c919d: Download complete
5bba3ecb4cd6: Download complete
e01bd28a434b: Verifying Checksum
e01bd28a434b: Download complete
a88538b9cd05: Verifying Checksum
a88538b9cd05: Download complete
5bba3ecb4cd6: Pull complete
196b8e3c919d: Pull complete
7d083412657b: Pull complete
a88538b9cd05: Pull complete
e01bd28a434b: Pull complete
Digest: sha256:288b29c1925d65b2d7d8701f8ada201e7dcd066438c0fb4299c35dff129b893f
Status: Downloaded newer image for node:9-slim
 ---> e20bb4abe4ee
Step 2/6 : ENV PORT 8080
 ---> Running in 48601c36cd3d
 ---> c3b383b3ac8b
Step 3/6 : EXPOSE 8080
 ---> Running in 59943136ca97
 ---> 44ce13a57784
Step 4/6 : WORKDIR /usr/src/app
 ---> 30ad3074b9e7
Step 5/6 : COPY . .
 ---> adedca89d96f
Step 6/6 : CMD npm start
 ---> Running in 76af971f768a
 ---> fc44d21a7646
Successfully built fc44d21a7646
The push refers to a repository [10.23.243.82:5000/dennisnewel/givemefood]
c8d096493020: Preparing
f31ce2e1aef1: Preparing
e16c226cf2a8: Preparing
7fd597d009e4: Preparing
7c6ab5fb7059: Preparing
ed271eac23e9: Preparing
156ff16f37e4: Preparing
ed271eac23e9: Waiting
156ff16f37e4: Waiting
f31ce2e1aef1: Pushed
7c6ab5fb7059: Pushed
c8d096493020: Pushed
e16c226cf2a8: Pushed
ed271eac23e9: Pushed
156ff16f37e4: Pushed
7fd597d009e4: Pushed
0.0.1: digest: sha256:7f3a78952f0348840c7fbeeb72574a44b0cf2a557962904d0353dbca44f8304e size: 1786
Build complete in 22.316388671s
Starting test...
Test complete in 4.549µs
changeme -> 10.23.243.82:5000/dennisnewel/givemefood:0.0.1
There is a new version (0.22.0) of skaffold available. Download it at https://storage.googleapis.com/skaffold/releases/latest/skaffold-linux-amd64

[Pipeline] sh
+ cat VERSION
+ jx step post build --image 10.23.243.82:5000/dennisnewel/givemefood:0.0.1
[Pipeline] }
[Pipeline] // stage
[Pipeline] stage
[Pipeline] { (Promote to Environments)
[Pipeline] dir
Running in /tmp/jenkinsTests.tmp/jenkins1075482018661516494test/workspace/job/charts/givemefood
[Pipeline] {
[Pipeline] sh
+ cat ../../VERSION
+ jx step changelog --batch-mode --version v0.0.1
Converted /tmp/jenkinsTests.tmp/jenkins1075482018661516494test/workspace/job/charts/givemefood to an unshallow repository
Generating change log from git ref a7e1d72e6066a3631cec260a9b875d78c8de1174 => b300af3699448cdbf617e61137ca5f9a97254b35
Failed to enrich commits with issues: User.jenkins.io "" is invalid: metadata.name: Required value: name or generateName is required
Failed to enrich commits with issues: User.jenkins.io "" is invalid: metadata.name: Required value: name or generateName is required
Finding issues in commit messages using git format
No release found for dennisnewel/givemefood and tag v0.0.1 so creating a new release
Updated the release information at https://github.com/dennisnewel/givemefood/releases/tag/v0.0.1
generated: /tmp/jenkinsTests.tmp/jenkins1075482018661516494test/workspace/job/charts/givemefood/templates/release.yaml
Created Release givemefood-0-0-1 resource in namespace jx
Updating PipelineActivity dennisnewel-givemefood-master-1 with version 0.0.1
Updated PipelineActivities dennisnewel-givemefood-master-1 with release notes URL: https://github.com/dennisnewel/givemefood/releases/tag/v0.0.1
[Pipeline] sh
+ jx step helm release
No $CHART_REPOSITORY defined so using the default value of: http://jenkins-x-chartmuseum:8080
Adding missing Helm repo: jenkins-x http://chartmuseum.jenkins-x.io
Successfully added Helm repository jenkins-x.
Adding missing Helm repo: releases http://jenkins-x-chartmuseum:8080
Successfully added Helm repository releases.
No $CHART_REPOSITORY defined so using the default value of: http://jenkins-x-chartmuseum:8080
Uploading chart file givemefood-0.0.1.tgz to http://jenkins-x-chartmuseum:8080/api/charts
Received 201 response: {"saved":true}
[Pipeline] sh
+ cat ../../VERSION
+ jx promote -b --all-auto --timeout 1h --version 0.0.1
prow based install so skip waiting for the merge of Pull Requests to go green as currently there is an issue with gettingstatuses from the PR, see https://github.com/jenkins-x/jx/issues/2410
Promoting app givemefood version 0.0.1 to namespace jx-staging
Created Pull Request: https://github.com/dennisnewel/environment-biterscratch-staging/pull/1

Pull Request https://github.com/dennisnewel/environment-biterscratch-staging/pull/1 is merged at sha cacf6ed3d577fde043c450316932aa82a215073d
Pull Request merged but we are not waiting for the update pipeline to complete!
Could not find the service URL in namespace jx-staging for names givemefood, jx-givemefood, jx-staging-givemefood
[Pipeline] }
[Pipeline] // dir
[Pipeline] }
[Pipeline] // stage
[Pipeline] }
[Pipeline] // withEnv
[Pipeline] }
[Pipeline] // withCredentials
[Pipeline] }
[Pipeline] // node
[Pipeline] End of Pipeline
Finished: SUCCESS
