Step: build-step-credential-initializer:

{"level":"warn","ts":1549562269.8228056,"logger":"fallback-logger","caller":"logging/config.go:65","msg":"Fetch GitHub commit ID from kodata failed: \"ref: refs/heads/test\" is not a valid GitHub commit ID"}
{"level":"info","ts":1549562269.8238888,"logger":"fallback-logger","caller":"creds-init/main.go:40","msg":"Credentials initialized."}
Step: build-step-git-source-0:

{"level":"warn","ts":1549562271.2838306,"logger":"fallback-logger","caller":"logging/config.go:65","msg":"Fetch GitHub commit ID from kodata failed: \"ref: refs/heads/test\" is not a valid GitHub commit ID"}
{"level":"info","ts":1549562271.6092844,"logger":"fallback-logger","caller":"git-init/main.go:92","msg":"Successfully cloned \"https://github.com/dennisnewel/givemefood.git\" @ \"7fcb0968d41ab2249b1ffc0e63d83b5562285437\" in path \"/workspace\""}
Step: build-step-jenkins:

Picked up _JAVA_OPTIONS: -Xmx400m
Started
Running in Durability level: PERFORMANCE_OPTIMIZED
  21.167 [id=19]	WARNING	i.f.k.c.i.VersionUsageUtils#alert: The client is using resource type 'customresourcedefinitions' with unstable version 'v1beta1'
[Pipeline] node
Running on Jenkins in /tmp/jenkinsTests.tmp/jenkins6907625475095930924test/workspace/job
[Pipeline] {
[Pipeline] stage
[Pipeline] { (Declarative: Checkout SCM)
[Pipeline] checkout
[Pipeline] }
[Pipeline] // stage
[Pipeline] withCredentials
[Pipeline] {
[Pipeline] withEnv
[Pipeline] {
[Pipeline] stage
[Pipeline] { (CI Build and push snapshot)
Stage "CI Build and push snapshot" skipped due to when conditional
[Pipeline] }
[Pipeline] // stage
[Pipeline] stage
[Pipeline] { (Build Release)
[Pipeline] git
 > git rev-parse --is-inside-work-tree # timeout=10
Fetching changes from the remote Git repository
 > git config remote.origin.url https://github.com/dennisnewel/givemefood.git # timeout=10
Fetching upstream changes from https://github.com/dennisnewel/givemefood.git
 > git --version # timeout=10
 > git fetch --tags --progress https://github.com/dennisnewel/givemefood.git +refs/heads/*:refs/remotes/origin/*
 > git rev-parse refs/remotes/origin/master^{commit} # timeout=10
 > git rev-parse refs/remotes/origin/origin/master^{commit} # timeout=10
Checking out Revision 7fcb0968d41ab2249b1ffc0e63d83b5562285437 (refs/remotes/origin/master)
 > git config core.sparsecheckout # timeout=10
 > git checkout -f 7fcb0968d41ab2249b1ffc0e63d83b5562285437
 > git branch -a -v --no-abbrev # timeout=10
 > git branch -D master # timeout=10
 > git checkout -b master 7fcb0968d41ab2249b1ffc0e63d83b5562285437
Commit message: "Merge pull request #1 from dennisnewel/development"
First time build. Skipping changelog.
[Pipeline] sh
+ jx-release-version
+ echo 0.0.2
[Pipeline] sh
+ cat VERSION
+ jx step tag --version 0.0.2
Tag v0.0.2 created and pushed to remote origin
[Pipeline] sh
+ npm install
npm notice created a lockfile as package-lock.json. You should commit this file.
npm WARN REPLACE_ME@1.0.0 No repository field.
npm WARN REPLACE_ME@1.0.0 No license field.

up to date in 0.08s
[Pipeline] sh
+ CI=true DISPLAY=:99 npm test

> REPLACE_ME@1.0.0 test /tmp/jenkinsTests.tmp/jenkins6907625475095930924test/workspace/job
> echo "no test specified" && exit 0

no test specified
[Pipeline] sh
+ cat VERSION
+ export VERSION=0.0.2
+ skaffold build -f skaffold.yaml
time="2019-02-07T17:58:39Z" level=warning msg="config version (skaffold/v1beta2) out of date: upgrading to latest (skaffold/v1beta3)"
Starting build...
Building [changeme]...
Sending build context to Docker daemon  166.4kB
Step 1/6 : FROM node:10-slim
 ---> 160a29bcf153
Step 2/6 : ENV PORT 8080
 ---> Using cache
 ---> a0ad6f8dc121
Step 3/6 : EXPOSE 8080
 ---> Using cache
 ---> c7c30f31e6fc
Step 4/6 : WORKDIR /usr/src/app
 ---> Using cache
 ---> 7b5e89b87432
Step 5/6 : COPY . .
 ---> 4bfeeb356521
Step 6/6 : CMD npm start
 ---> Running in 1f69e9b56ddf
 ---> bdaa2bb935b4
Successfully built bdaa2bb935b4
The push refers to a repository [10.23.243.82:5000/dennisnewel/givemefood]
efbac8c66c08: Preparing
4b9a0c30ebe5: Preparing
469883b73470: Preparing
d1f9e87dc320: Preparing
e9075bae7462: Preparing
0a07e81f5da3: Preparing
0a07e81f5da3: Waiting
e9075bae7462: Layer already exists
4b9a0c30ebe5: Layer already exists
0a07e81f5da3: Layer already exists
469883b73470: Layer already exists
d1f9e87dc320: Layer already exists
efbac8c66c08: Pushed
0.0.2: digest: sha256:294102e528ff32ad4debf7c60ca4f1ba9efdcfe68d6421c43baf77fe7faac0f3 size: 1576
Build complete in 973.701692ms
Starting test...
Test complete in 4.72µs
changeme -> 10.23.243.82:5000/dennisnewel/givemefood:0.0.2
There is a new version (0.22.0) of skaffold available. Download it at https://storage.googleapis.com/skaffold/releases/latest/skaffold-linux-amd64

[Pipeline] sh
+ cat VERSION
+ jx step post build --image 10.23.243.82:5000/dennisnewel/givemefood:0.0.2
[Pipeline] }
[Pipeline] // stage
[Pipeline] stage
[Pipeline] { (Promote to Environments)
[Pipeline] dir
Running in /tmp/jenkinsTests.tmp/jenkins6907625475095930924test/workspace/job/charts/givemefood
[Pipeline] {
[Pipeline] sh
+ cat ../../VERSION
+ jx step changelog --batch-mode --version v0.0.2
Converted /tmp/jenkinsTests.tmp/jenkins6907625475095930924test/workspace/job/charts/givemefood to an unshallow repository
Generating change log from git ref 7fcb0968d41ab2249b1ffc0e63d83b5562285437 => f9d3099423f1050e82531979604fcc1712d9fc0b
Failed to enrich commits with issues: User.jenkins.io "" is invalid: metadata.name: Required value: name or generateName is required
Failed to enrich commits with issues: User.jenkins.io "" is invalid: metadata.name: Required value: name or generateName is required
Finding issues in commit messages using git format
No release found for dennisnewel/givemefood and tag v0.0.2 so creating a new release
Updated the release information at https://github.com/dennisnewel/givemefood/releases/tag/v0.0.2
generated: /tmp/jenkinsTests.tmp/jenkins6907625475095930924test/workspace/job/charts/givemefood/templates/release.yaml
Created Release givemefood-0-0-2 resource in namespace jx
Updating PipelineActivity dennisnewel-givemefood-master-2 with version 0.0.2
Updated PipelineActivities dennisnewel-givemefood-master-2 with release notes URL: https://github.com/dennisnewel/givemefood/releases/tag/v0.0.2
[Pipeline] sh
+ jx step helm release
No $CHART_REPOSITORY defined so using the default value of: http://jenkins-x-chartmuseum:8080
Adding missing Helm repo: jenkins-x http://chartmuseum.jenkins-x.io
Successfully added Helm repository jenkins-x.
Adding missing Helm repo: releases http://jenkins-x-chartmuseum:8080
Successfully added Helm repository releases.
No $CHART_REPOSITORY defined so using the default value of: http://jenkins-x-chartmuseum:8080
Uploading chart file givemefood-0.0.2.tgz to http://jenkins-x-chartmuseum:8080/api/charts
Received 201 response: {"saved":true}
[Pipeline] sh
+ cat ../../VERSION
+ jx promote -b --all-auto --timeout 1h --version 0.0.2
prow based install so skip waiting for the merge of Pull Requests to go green as currently there is an issue with gettingstatuses from the PR, see https://github.com/jenkins-x/jx/issues/2410
Promoting app givemefood version 0.0.2 to namespace jx-staging
Created Pull Request: https://github.com/dennisnewel/environment-biterscratch-staging/pull/2

Pull Request https://github.com/dennisnewel/environment-biterscratch-staging/pull/2 is merged at sha 3ab2d44304ba91b187954eafbc59721b70c71e49
Pull Request merged but we are not waiting for the update pipeline to complete!
[Pipeline] }
[Pipeline] // dir
[Pipeline] }
[Pipeline] // stage
[Pipeline] }
[Pipeline] // withEnv
[Pipeline] }
[Pipeline] // withCredentials
[Pipeline] }
[Pipeline] // node
[Pipeline] End of Pipeline
Finished: SUCCESS
