Step: build-step-credential-initializer:

{"level":"warn","ts":1549525346.2270975,"logger":"fallback-logger","caller":"logging/config.go:65","msg":"Fetch GitHub commit ID from kodata failed: \"ref: refs/heads/test\" is not a valid GitHub commit ID"}
{"level":"info","ts":1549525346.2277925,"logger":"fallback-logger","caller":"creds-init/main.go:40","msg":"Credentials initialized."}
Step: build-step-git-source-0:

{"level":"warn","ts":1549525347.6787126,"logger":"fallback-logger","caller":"logging/config.go:65","msg":"Fetch GitHub commit ID from kodata failed: \"ref: refs/heads/test\" is not a valid GitHub commit ID"}
{"level":"info","ts":1549525348.0029187,"logger":"fallback-logger","caller":"git-init/main.go:92","msg":"Successfully cloned \"https://github.com/dennisnewel/givemefood.git\" @ \"3f66bee178b217c4cef9100a7e8a0dba7f79316c\" in path \"/workspace\""}
Step: build-step-jenkins:

Picked up _JAVA_OPTIONS: -Xmx400m
Started
Running in Durability level: PERFORMANCE_OPTIMIZED
  21.416 [id=25]	WARNING	i.f.k.c.i.VersionUsageUtils#alert: The client is using resource type 'customresourcedefinitions' with unstable version 'v1beta1'
[Pipeline] node
Running on Jenkins in /tmp/jenkinsTests.tmp/jenkins4988914953417261480test/workspace/job
[Pipeline] {
[Pipeline] stage
[Pipeline] { (Declarative: Checkout SCM)
[Pipeline] checkout
[Pipeline] }
[Pipeline] // stage
[Pipeline] withCredentials
[Pipeline] {
[Pipeline] withEnv
[Pipeline] {
[Pipeline] stage
[Pipeline] { (CI Build and push snapshot)
[Pipeline] withEnv
[Pipeline] {
[Pipeline] sh
+ npm install
npm notice created a lockfile as package-lock.json. You should commit this file.
npm WARN REPLACE_ME@1.0.0 No repository field.
npm WARN REPLACE_ME@1.0.0 No license field.

up to date in 0.076s
[Pipeline] sh
+ CI=true DISPLAY=:99 npm test

> REPLACE_ME@1.0.0 test /tmp/jenkinsTests.tmp/jenkins4988914953417261480test/workspace/job
> echo "no test specified" && exit 0

no test specified
[Pipeline] sh
+ export VERSION=0.0.0-SNAPSHOT-PR-1-1
+ skaffold build -f skaffold.yaml
time="2019-02-07T07:43:08Z" level=warning msg="config version (skaffold/v1beta2) out of date: upgrading to latest (skaffold/v1beta3)"
Starting build...
Building [changeme]...
Sending build context to Docker daemon  94.21kB
Step 1/6 : FROM node:10-slim
10-slim: Pulling from library/node
6ae821421a7d: Already exists
f0d1c6739de6: Pulling fs layer
2f38d92cd251: Pulling fs layer
88779aba9e9b: Pulling fs layer
f0d1c6739de6: Verifying Checksum
f0d1c6739de6: Download complete
88779aba9e9b: Verifying Checksum
88779aba9e9b: Download complete
f0d1c6739de6: Pull complete
2f38d92cd251: Download complete
2f38d92cd251: Pull complete
88779aba9e9b: Pull complete
Digest: sha256:546ff51fed835dd1a151ed4f1d8c9c84d889d7e5892cbacf482e1247dca46f58
Status: Downloaded newer image for node:10-slim
 ---> 160a29bcf153
Step 2/6 : ENV PORT 8080
 ---> Running in 5a6fafc1241e
 ---> a0ad6f8dc121
Step 3/6 : EXPOSE 8080
 ---> Running in cc44a370777f
 ---> c7c30f31e6fc
Step 4/6 : WORKDIR /usr/src/app
 ---> 7b5e89b87432
Step 5/6 : COPY . .
 ---> 8c36357cf176
Step 6/6 : CMD npm start
 ---> Running in dc981fb207a0
 ---> 1930ea8b53ce
Successfully built 1930ea8b53ce
The push refers to a repository [10.23.243.82:5000/dennisnewel/givemefood]
a4487de8f507: Preparing
4b9a0c30ebe5: Preparing
469883b73470: Preparing
d1f9e87dc320: Preparing
e9075bae7462: Preparing
0a07e81f5da3: Preparing
0a07e81f5da3: Waiting
4b9a0c30ebe5: Pushed
e9075bae7462: Pushed
a4487de8f507: Pushed
469883b73470: Pushed
d1f9e87dc320: Pushed
0a07e81f5da3: Pushed
0.0.0-SNAPSHOT-PR-1-1: digest: sha256:e413587a3dac386aed291d300ebf29b80a6c2bf0657833e9edd7bb8d732fa775 size: 1576
Build complete in 15.862592907s
Starting test...
Test complete in 4.998µs
changeme -> 10.23.243.82:5000/dennisnewel/givemefood:0.0.0-SNAPSHOT-PR-1-1
There is a new version (0.22.0) of skaffold available. Download it at https://storage.googleapis.com/skaffold/releases/latest/skaffold-linux-amd64

[Pipeline] sh
+ jx step post build --image 10.23.243.82:5000/dennisnewel/givemefood:0.0.0-SNAPSHOT-PR-1-1
[Pipeline] dir
Running in /tmp/jenkinsTests.tmp/jenkins4988914953417261480test/workspace/job/charts/preview
[Pipeline] {
[Pipeline] sh
+ make preview
sed -i -e "s/version:.*/version: 0.0.0-SNAPSHOT-PR-1-1/" Chart.yaml
sed -i -e "s/version:.*/version: 0.0.0-SNAPSHOT-PR-1-1/" ../*/Chart.yaml
sed -i -e "s|repository:.*|repository: 10.23.243.82:5000\/dennisnewel\/givemefood|" values.yaml
sed -i -e "s/tag:.*/tag: 0.0.0-SNAPSHOT-PR-1-1/" values.yaml
echo "  version: 0.0.0-SNAPSHOT-PR-1-1" >> requirements.yaml
jx step helm build
No $CHART_REPOSITORY defined so using the default value of: http://jenkins-x-chartmuseum:8080
Adding missing Helm repo: jenkins-x http://chartmuseum.jenkins-x.io
Successfully added Helm repository jenkins-x.
Adding missing Helm repo: releases http://jenkins-x-chartmuseum:8080
Successfully added Helm repository releases.
[Pipeline] sh
+ jx preview --app givemefood --dir ../..
Creating a preview
Commit author email is empty for: 3f66bee178b217c4cef9100a7e8a0dba7f79316c
Looking for commits in: /tmp/jenkinsTests.tmp/jenkins4988914953417261480test/workspace/job/
Found commit author match for: dennisnewel with email address: dennis.newel@newelcorp.com
Created environment dennisnewel-givemefood-pr-1
Namespace jx-dennisnewel-givemefood-pr-1 created 
 expose:
  Annotations:
    helm.sh/hook: post-install,post-upgrade
    helm.sh/hook-delete-policy: hook-succeeded
  config:
    domain: 35.222.122.23.nip.io
    exposer: Ingress
    http: "true"
preview:
  image:
    repository: 10.23.243.82:5000/dennisnewel/givemefood
    tag: 0.0.0-SNAPSHOT-PR-1-1
Failed to update PipelineActivities dennisnewel-givemefood-pr-1-1: the namespace of the object (jx-dennisnewel-givemefood-pr-1) does not match the namespace on the request (jx)
Preview application is now available at: http://givemefood.jx-dennisnewel-givemefood-pr-1.35.222.122.23.nip.io

[Pipeline] }
[Pipeline] // dir
[Pipeline] }
[Pipeline] // withEnv
[Pipeline] }
[Pipeline] // stage
[Pipeline] stage
[Pipeline] { (Build Release)
Stage "Build Release" skipped due to when conditional
[Pipeline] }
[Pipeline] // stage
[Pipeline] stage
[Pipeline] { (Promote to Environments)
Stage "Promote to Environments" skipped due to when conditional
[Pipeline] }
[Pipeline] // stage
[Pipeline] }
[Pipeline] // withEnv
[Pipeline] }
[Pipeline] // withCredentials
[Pipeline] }
[Pipeline] // node
[Pipeline] End of Pipeline
Finished: SUCCESS
